<?xml version="1.0" encoding="utf-8"?>
<TestRun id="37b98ffd-7aee-4691-b70e-bffc3dcba9c2" name="@runnervmwhb2z 2025-10-25 14:49:17" xmlns="http://microsoft.com/schemas/VisualStudio/TeamTest/2010">
  <Times creation="2025-10-25T14:49:17.7570603+00:00" queuing="2025-10-25T14:49:17.7570604+00:00" start="2025-10-25T14:49:16.5540896+00:00" finish="2025-10-25T14:49:17.7626238+00:00" />
  <TestSettings name="default" id="4d302439-d953-438d-8d6c-411518913bdc">
    <Deployment runDeploymentRoot="_runnervmwhb2z_2025-10-25_14_49_17" />
  </TestSettings>
  <Results>
    <UnitTestResult executionId="31d16095-d4e0-4677-9c0c-50b2efb54742" testId="7bd82ea6-e286-863d-94cd-b02635d512c4" testName="Architecture.Tests.SmokeTests.SmokeTest_ShouldPass" computerName="runnervmwhb2z" duration="00:00:00.0102948" startTime="2025-10-25T14:49:17.6068988+00:00" endTime="2025-10-25T14:49:17.6253275+00:00" testType="13cdc9d9-ddb5-4fa4-a97d-d965ccfc6d4b" outcome="Passed" testListId="8c84fa94-04c1-424b-9868-57a2d4851a1d" relativeResultsDirectory="31d16095-d4e0-4677-9c0c-50b2efb54742" />
  </Results>
  <TestDefinitions>
    <UnitTest name="Architecture.Tests.SmokeTests.SmokeTest_ShouldPass" storage="/home/runner/work/articlessite/articlessite/tests/architecture.tests/bin/debug/net9.0/architecture.tests.dll" id="7bd82ea6-e286-863d-94cd-b02635d512c4">
      <Execution id="31d16095-d4e0-4677-9c0c-50b2efb54742" />
      <TestMethod codeBase="/home/runner/work/ArticlesSite/ArticlesSite/tests/Architecture.Tests/bin/Debug/net9.0/Architecture.Tests.dll" adapterTypeName="executor://xunit/VsTestRunner3/netcore/" className="Architecture.Tests.SmokeTests" name="SmokeTest_ShouldPass" />
    </UnitTest>
  </TestDefinitions>
  <TestEntries>
    <TestEntry testId="7bd82ea6-e286-863d-94cd-b02635d512c4" executionId="31d16095-d4e0-4677-9c0c-50b2efb54742" testListId="8c84fa94-04c1-424b-9868-57a2d4851a1d" />
  </TestEntries>
  <TestLists>
    <TestList name="Results Not in a List" id="8c84fa94-04c1-424b-9868-57a2d4851a1d" />
    <TestList name="All Loaded Results" id="19431567-8539-422a-85d7-44ee4e166bda" />
  </TestLists>
  <ResultSummary outcome="Completed">
    <Counters total="1" executed="1" passed="1" failed="0" error="0" timeout="0" aborted="0" inconclusive="0" passedButRunAborted="0" notRunnable="0" notExecuted="0" disconnected="0" warning="0" completed="0" inProgress="0" pending="0" />
    <Output>
      <StdOut>[xUnit.net 00:00:00.00] xUnit.net VSTest Adapter v3.1.5+1b188a7b0a (64-bit .NET 9.0.9)
[xUnit.net 00:00:00.18]   Discovering: Architecture.Tests
[xUnit.net 00:00:00.37]   Discovered:  Architecture.Tests
[xUnit.net 00:00:00.55]   Starting:    Architecture.Tests
[xUnit.net 00:00:00.65]   Finished:    Architecture.Tests (ID = 'b45380489fea4459c3004192a73fe18f71a1b51c5a82f8189003e27e84963327')
</StdOut>
    </Output>
  </ResultSummary>
</TestRun>